<?xml version="1.0" encoding="UTF-8"?>
<testsuite xmlns:xsi="http://www.w3.org/2001/XMLSchema-instance" xsi:noNamespaceSchemaLocation="https://maven.apache.org/surefire/maven-surefire-plugin/xsd/surefire-test-report.xsd" version="3.0.2" name="com.bookhaven.api.BookApiTest" time="7.348" tests="8" errors="0" skipped="0" failures="0">
  <properties>
[...]
</properties>
  <testcase name="testAllPosts" classname="com.bookhaven.api.BookApiTest" time="4.239">
    <system-out><![CDATA[Request URI:	https://jsonplaceholder.typicode.com/posts
HTTP/1.1 200 OK
]]></system-out>
  </testcase>
  <testcase name="testGetPostById" classname="com.bookhaven.api.BookApiTest" time="0.278"/>
  <testcase name="testGetPostByQueryParamId" classname="com.bookhaven.api.BookApiTest" time="0.233"/>
  <testcase name="testCreatePost" classname="com.bookhaven.api.BookApiTest" time="0.273">
    <system-out><![CDATA[Request method:	POST
Request URI:	https://jsonplaceholder.typicode.com/posts
Proxy:			<none>
Request params:	<none>
Query params:	<none>
Form params:	<none>
Path params:	<none>
Headers:		Accept=*/*
				Content-Type=application/json
Cookies:		<none>
Multiparts:		<none>
Body:
{
    "title": "REST Assured Test Post",
    "body": "This post was created using REST Assured",
    "userId": 1
}
HTTP/1.1 201 Created
Date: Fri, 17 Jul 2026 21:48:05 GMT
Content-Type: application/json; charset=utf-8
Content-Length: 121
Connection: keep-alive
access-control-allow-credentials: true
access-control-expose-headers: Location
Cache-Control: no-cache
etag: W/"79-KoTqxh2pob+pzqk6R9aCvGa5xDY"
expires: -1
location: https://jsonplaceholder.typicode.com/posts/101
nel: {"report_to":"heroku-nel","response_headers":["Via"],"max_age":3600,"success_fraction":0.01,"failure_fraction":0.1}
pragma: no-cache
report-to: {"group":"heroku-nel","endpoints":[{"url":"https://nel.heroku.com/reports?s=8WJ7nsFDLSJJ%2FQCATlg3d%2BuAHyWwhycIAtQE4CE8jL0%3D\u0026sid=e11707d5-02a7-43ef-b45e-2cf4d2036f7d\u0026ts=1784324885"}],"max_age":3600}
reporting-endpoints: heroku-nel="https://nel.heroku.com/reports?s=8WJ7nsFDLSJJ%2FQCATlg3d%2BuAHyWwhycIAtQE4CE8jL0%3D&sid=e11707d5-02a7-43ef-b45e-2cf4d2036f7d&ts=1784324885"
Server: cloudflare
vary: Origin, X-HTTP-Method-Override, Accept-Encoding
via: 2.0 heroku-router
x-content-type-options: nosniff
x-powered-by: Express
x-ratelimit-limit: 1000
x-ratelimit-remaining: 999
x-ratelimit-reset: 1784324926
cf-cache-status: DYNAMIC
CF-RAY: a1cc72e57b528f69-BOS
alt-svc: h3=":443"; ma=86400

{
    "title": "REST Assured Test Post",
    "body": "This post was created using REST Assured",
    "userId": 1,
    "id": 101
}
]]></system-out>
  </testcase>
  <testcase name="testCreatePostWithMap" classname="com.bookhaven.api.BookApiTest" time="0.999"/>
  <testcase name="testUpdatePost" classname="com.bookhaven.api.BookApiTest" time="0.216"/>
  <testcase name="testDeletePost" classname="com.bookhaven.api.BookApiTest" time="0.119"/>
  <testcase name="extractResponseData" classname="com.bookhaven.api.BookApiTest" time="0.162">
    <system-out><![CDATA[Status: 200
Content-Type: application/json; charset=utf-8
Response Time: 85ms
Post ID: 1
Title: sunt aut facere repellat provident occaecati excepturi optio reprehenderit
User ID: 1
]]></system-out>
  </testcase>
</testsuite>